<?xml version="1.0" encoding="UTF-8"?>
<!-- Generated by org.testng.reporters.JUnitXMLReporter -->
<testsuite ignored="9" hostname="Raj-HP245G8" failures="0" tests="7" name="Test" time="171.834" errors="0" timestamp="2025-12-17T10:32:12 IST">
  <testcase classname="contactTests.CreateContactWithOrganizationTest" name="createContactWithOrgTest" time="25.672"/>
  <testcase classname="organizationTests.CreateOrganizationWithIndustryTest" name="createOrganizationWithIndustryTest" time="14.474"/>
  <testcase classname="contactTests.CreateContactTest" name="createContactTest" time="17.774"/>
  <testcase classname="organizationTests.CreateOrganizationTest" name="createOrganizationTest" time="14.843"/>
  <testcase classname="leadTests.CreateLeadsTest" name="createLeadWithLeadSource" time="15.324"/>
  <testcase classname="leadTests.CreateLeadsTest" name="createLeadWithLeadSourceAndIndustry" time="11.09"/>
  <testcase classname="leadTests.CreateLeadsTest" name="createLeadWithMandatoryFields" time="11.046"/>
  <testcase classname="genericUtilities.BaseClass" name="@AfterSuite asConfig" time="0.0">
    <ignored/>
  </testcase> <!-- @AfterSuite asConfig -->
  <testcase classname="genericUtilities.BaseClass" name="@BeforeSuite bsConfig" time="0.0">
    <ignored/>
  </testcase> <!-- @BeforeSuite bsConfig -->
  <testcase classname="genericUtilities.BaseClass" name="@BeforeSuite bsConfig" time="0.0">
    <ignored/>
  </testcase> <!-- @BeforeSuite bsConfig -->
  <testcase classname="genericUtilities.BaseClass" name="@BeforeSuite bsConfig" time="0.0">
    <ignored/>
  </testcase> <!-- @BeforeSuite bsConfig -->
  <testcase classname="genericUtilities.BaseClass" name="@AfterSuite asConfig" time="0.0">
    <ignored/>
  </testcase> <!-- @AfterSuite asConfig -->
  <testcase classname="genericUtilities.BaseClass" name="@AfterSuite asConfig" time="0.0">
    <ignored/>
  </testcase> <!-- @AfterSuite asConfig -->
  <testcase classname="contactTests.CreateContactTest" name="demo" time="0.0">
    <ignored/>
  </testcase> <!-- demo -->
  <testcase classname="genericUtilities.BaseClass" name="@AfterSuite asConfig" time="0.0">
    <ignored/>
  </testcase> <!-- @AfterSuite asConfig -->
  <testcase classname="genericUtilities.BaseClass" name="@BeforeSuite bsConfig" time="0.0">
    <ignored/>
  </testcase> <!-- @BeforeSuite bsConfig -->
</testsuite> <!-- Test -->
