<?xml version="1.0" encoding="UTF-8"?>
<!-- Generated by org.testng.reporters.JUnitXMLReporter -->
<testsuite ignored="4" hostname="Raj-HP245G8" failures="0" tests="2" name="TestRunner-2" time="26.612" errors="0" timestamp="2025-12-03T14:10:30 IST">
  <testcase classname="organizationTests.CreateOrganizationTest" name="createOrganizationTest" time="15.483"/>
  <testcase classname="organizationTests.CreateOrganizationWithIndustryTest" name="createOrganizationWithIndustryTest" time="0.0">
    <skipped/>
  </testcase> <!-- createOrganizationWithIndustryTest -->
  <testcase classname="genericUtilities.BaseClass" name="@AfterSuite asConfig" time="0.0">
    <ignored/>
  </testcase> <!-- @AfterSuite asConfig -->
  <testcase classname="genericUtilities.BaseClass" name="@AfterTest acConfig" time="0.0">
    <ignored/>
  </testcase> <!-- @AfterTest acConfig -->
  <testcase classname="genericUtilities.BaseClass" name="@BeforeSuite bsConfig" time="0.0">
    <ignored/>
  </testcase> <!-- @BeforeSuite bsConfig -->
  <testcase classname="genericUtilities.BaseClass" name="@BeforeTest bcConfig" time="0.0">
    <ignored/>
  </testcase> <!-- @BeforeTest bcConfig -->
</testsuite> <!-- TestRunner-2 -->
