<?xml version="1.0" encoding="UTF-8"?>
<!-- Generated by org.testng.reporters.JUnitXMLReporter -->
<testsuite ignored="2" hostname="Raj-HP245G8" failures="0" tests="2" name="Test" time="66.559" errors="0" timestamp="2025-12-08T14:20:38 IST">
  <testcase classname="contactTests.CreateContactWithOrganizationTest" name="createContactWithOrgTest" time="25.164"/>
  <testcase classname="organizationTests.CreateOrganizationWithIndustryTest" name="createOrganizationWithIndustryTest" time="12.351"/>
  <testcase classname="genericUtilities.BaseClass" name="@BeforeSuite bsConfig" time="0.0">
    <ignored/>
  </testcase> <!-- @BeforeSuite bsConfig -->
  <testcase classname="genericUtilities.BaseClass" name="@AfterSuite asConfig" time="0.0">
    <ignored/>
  </testcase> <!-- @AfterSuite asConfig -->
</testsuite> <!-- Test -->
