<?xml version="1.0" encoding="UTF-8"?>
<testng-results ignored="0" total="5" passed="5" failed="0" skipped="0">
  <reporter-output>
  </reporter-output>
  <suite started-at="2025-12-19T11:54:28 IST" name="Default suite" finished-at="2025-12-19T11:54:29 IST" duration-ms="1122">
    <groups>
    </groups>
    <test started-at="2025-12-19T11:54:28 IST" name="Default test" finished-at="2025-12-19T11:54:29 IST" duration-ms="1122">
      <class name="practice.ReadMultipleDataFromExcel">
        <test-method signature="createdMultipleOrganizations(java.lang.String,java.lang.String)[pri:0, instance:practice.ReadMultipleDataFromExcel@2eae8e6e]" started-at="2025-12-19T11:54:29 IST" name="createdMultipleOrganizations" data-provider="getData" finished-at="2025-12-19T11:54:29 IST" duration-ms="7" status="PASS">
          <params>
            <param index="0">
              <value>
                <![CDATA[Wipro]]>
              </value>
            </param>
            <param index="1">
              <value>
                <![CDATA[Chemicals]]>
              </value>
            </param>
          </params>
          <reporter-output>
          </reporter-output>
        </test-method> <!-- createdMultipleOrganizations -->
        <test-method signature="createdMultipleOrganizations(java.lang.String,java.lang.String)[pri:0, instance:practice.ReadMultipleDataFromExcel@2eae8e6e]" started-at="2025-12-19T11:54:29 IST" name="createdMultipleOrganizations" data-provider="getData" finished-at="2025-12-19T11:54:29 IST" duration-ms="2" status="PASS">
          <params>
            <param index="0">
              <value>
                <![CDATA[Infosys]]>
              </value>
            </param>
            <param index="1">
              <value>
                <![CDATA[Healthcare]]>
              </value>
            </param>
          </params>
          <reporter-output>
          </reporter-output>
        </test-method> <!-- createdMultipleOrganizations -->
        <test-method signature="createdMultipleOrganizations(java.lang.String,java.lang.String)[pri:0, instance:practice.ReadMultipleDataFromExcel@2eae8e6e]" started-at="2025-12-19T11:54:29 IST" name="createdMultipleOrganizations" data-provider="getData" finished-at="2025-12-19T11:54:29 IST" duration-ms="1" status="PASS">
          <params>
            <param index="0">
              <value>
                <![CDATA[KFC]]>
              </value>
            </param>
            <param index="1">
              <value>
                <![CDATA[Food & Beverage]]>
              </value>
            </param>
          </params>
          <reporter-output>
          </reporter-output>
        </test-method> <!-- createdMultipleOrganizations -->
        <test-method signature="createdMultipleOrganizations(java.lang.String,java.lang.String)[pri:0, instance:practice.ReadMultipleDataFromExcel@2eae8e6e]" started-at="2025-12-19T11:54:29 IST" name="createdMultipleOrganizations" data-provider="getData" finished-at="2025-12-19T11:54:29 IST" duration-ms="1" status="PASS">
          <params>
            <param index="0">
              <value>
                <![CDATA[Dominos]]>
              </value>
            </param>
            <param index="1">
              <value>
                <![CDATA[Energy]]>
              </value>
            </param>
          </params>
          <reporter-output>
          </reporter-output>
        </test-method> <!-- createdMultipleOrganizations -->
        <test-method signature="createdMultipleOrganizations(java.lang.String,java.lang.String)[pri:0, instance:practice.ReadMultipleDataFromExcel@2eae8e6e]" started-at="2025-12-19T11:54:29 IST" name="createdMultipleOrganizations" data-provider="getData" finished-at="2025-12-19T11:54:29 IST" duration-ms="2" status="PASS">
          <params>
            <param index="0">
              <value>
                <![CDATA[HDFC]]>
              </value>
            </param>
            <param index="1">
              <value>
                <![CDATA[Banking]]>
              </value>
            </param>
          </params>
          <reporter-output>
          </reporter-output>
        </test-method> <!-- createdMultipleOrganizations -->
      </class> <!-- practice.ReadMultipleDataFromExcel -->
    </test> <!-- Default test -->
  </suite> <!-- Default suite -->
</testng-results>
