<?xml version="1.0" encoding="UTF-8"?>
<testng-results ignored="0" total="2" passed="2" failed="0" skipped="0">
  <reporter-output>
  </reporter-output>
  <suite started-at="2025-12-08T14:19:31 IST" name="Suite" finished-at="2025-12-08T14:20:38 IST" duration-ms="66559">
    <groups>
      <group name="RegressionSuite">
        <method signature="CreateContactWithOrganizationTest.createContactWithOrgTest()[pri:0, instance:contactTests.CreateContactWithOrganizationTest@606e4010]" name="createContactWithOrgTest" class="contactTests.CreateContactWithOrganizationTest"/>
        <method signature="CreateOrganizationWithIndustryTest.createOrganizationWithIndustryTest()[pri:0, instance:organizationTests.CreateOrganizationWithIndustryTest@645aa696]" name="createOrganizationWithIndustryTest" class="organizationTests.CreateOrganizationWithIndustryTest"/>
      </group> <!-- RegressionSuite -->
    </groups>
    <test started-at="2025-12-08T14:19:31 IST" name="Test" finished-at="2025-12-08T14:20:38 IST" duration-ms="66559">
      <class name="organizationTests.CreateOrganizationWithIndustryTest">
        <test-method is-config="true" signature="bcConfig()[pri:0, instance:organizationTests.CreateOrganizationWithIndustryTest@645aa696]" started-at="2025-12-08T14:20:16 IST" name="bcConfig" finished-at="2025-12-08T14:20:18 IST" duration-ms="1785" status="PASS">
          <reporter-output>
          </reporter-output>
        </test-method> <!-- bcConfig -->
        <test-method is-config="true" signature="bmConfig()[pri:0, instance:organizationTests.CreateOrganizationWithIndustryTest@645aa696]" started-at="2025-12-08T14:20:18 IST" name="bmConfig" finished-at="2025-12-08T14:20:18 IST" duration-ms="303" status="PASS">
          <reporter-output>
          </reporter-output>
        </test-method> <!-- bmConfig -->
        <test-method signature="createOrganizationWithIndustryTest()[pri:0, instance:organizationTests.CreateOrganizationWithIndustryTest@645aa696]" started-at="2025-12-08T14:20:18 IST" name="createOrganizationWithIndustryTest" finished-at="2025-12-08T14:20:30 IST" duration-ms="12351" status="PASS">
          <reporter-output>
          </reporter-output>
        </test-method> <!-- createOrganizationWithIndustryTest -->
        <test-method is-config="true" signature="amConfig()[pri:0, instance:organizationTests.CreateOrganizationWithIndustryTest@645aa696]" started-at="2025-12-08T14:20:30 IST" name="amConfig" finished-at="2025-12-08T14:20:38 IST" duration-ms="7259" status="PASS">
          <reporter-output>
          </reporter-output>
        </test-method> <!-- amConfig -->
        <test-method is-config="true" signature="acConfig()[pri:0, instance:organizationTests.CreateOrganizationWithIndustryTest@645aa696]" started-at="2025-12-08T14:20:38 IST" name="acConfig" finished-at="2025-12-08T14:20:38 IST" duration-ms="74" status="PASS">
          <reporter-output>
          </reporter-output>
        </test-method> <!-- acConfig -->
      </class> <!-- organizationTests.CreateOrganizationWithIndustryTest -->
      <class name="contactTests.CreateContactWithOrganizationTest">
        <test-method is-config="true" signature="bsConfig()[pri:0, instance:contactTests.CreateContactWithOrganizationTest@606e4010]" started-at="2025-12-08T14:19:31 IST" name="bsConfig" finished-at="2025-12-08T14:19:31 IST" duration-ms="19" status="PASS">
          <reporter-output>
          </reporter-output>
        </test-method> <!-- bsConfig -->
        <test-method is-config="true" signature="bcConfig()[pri:0, instance:contactTests.CreateContactWithOrganizationTest@606e4010]" started-at="2025-12-08T14:19:31 IST" name="bcConfig" finished-at="2025-12-08T14:19:37 IST" duration-ms="6102" status="PASS">
          <reporter-output>
          </reporter-output>
        </test-method> <!-- bcConfig -->
        <test-method is-config="true" signature="bmConfig()[pri:0, instance:contactTests.CreateContactWithOrganizationTest@606e4010]" started-at="2025-12-08T14:19:37 IST" name="bmConfig" finished-at="2025-12-08T14:19:40 IST" duration-ms="2883" status="PASS">
          <reporter-output>
          </reporter-output>
        </test-method> <!-- bmConfig -->
        <test-method signature="createContactWithOrgTest()[pri:0, instance:contactTests.CreateContactWithOrganizationTest@606e4010]" started-at="2025-12-08T14:19:40 IST" name="createContactWithOrgTest" finished-at="2025-12-08T14:20:05 IST" duration-ms="25164" status="PASS">
          <reporter-output>
          </reporter-output>
        </test-method> <!-- createContactWithOrgTest -->
        <test-method is-config="true" signature="amConfig()[pri:0, instance:contactTests.CreateContactWithOrganizationTest@606e4010]" started-at="2025-12-08T14:20:05 IST" name="amConfig" finished-at="2025-12-08T14:20:16 IST" duration-ms="10468" status="PASS">
          <reporter-output>
          </reporter-output>
        </test-method> <!-- amConfig -->
        <test-method is-config="true" signature="acConfig()[pri:0, instance:contactTests.CreateContactWithOrganizationTest@606e4010]" started-at="2025-12-08T14:20:16 IST" name="acConfig" finished-at="2025-12-08T14:20:16 IST" duration-ms="106" status="PASS">
          <reporter-output>
          </reporter-output>
        </test-method> <!-- acConfig -->
        <test-method is-config="true" signature="asConfig()[pri:0, instance:contactTests.CreateContactWithOrganizationTest@606e4010]" started-at="2025-12-08T14:20:38 IST" name="asConfig" finished-at="2025-12-08T14:20:38 IST" duration-ms="0" status="PASS">
          <reporter-output>
          </reporter-output>
        </test-method> <!-- asConfig -->
      </class> <!-- contactTests.CreateContactWithOrganizationTest -->
    </test> <!-- Test -->
  </suite> <!-- Suite -->
</testng-results>
