<?xml version="1.0" encoding="UTF-8"?>
<!-- Generated by org.testng.reporters.JUnitReportReporter -->
<testsuite hostname="Raj-HP245G8" failures="0" tests="3" name="practice.DataProviderPractice" time="0.010" errors="0" timestamp="2025-11-26T21:31:19 IST" skipped="0">
  <testcase classname="practice.DataProviderPractice" name="addProductToCart" time="0.001"/>
  <testcase classname="practice.DataProviderPractice" name="addProductToCart" time="0.007"/>
  <testcase classname="practice.DataProviderPractice" name="addProductToCart" time="0.002"/>
</testsuite> <!-- practice.DataProviderPractice -->
