<?xml version="1.0" encoding="UTF-8"?>
<!-- Generated by org.testng.reporters.JUnitReportReporter -->
<testsuite hostname="Raj-HP245G8" failures="0" tests="1" name="organizationTests.CreateOrganizationWithIndustryTest" time="23.534" errors="0" timestamp="2025-12-18T17:43:48 IST" skipped="0">
  <testcase classname="organizationTests.CreateOrganizationWithIndustryTest" name="createOrganizationWithIndustryTest" time="23.534"/>
</testsuite> <!-- organizationTests.CreateOrganizationWithIndustryTest -->
