<?xml version="1.0" encoding="UTF-8"?>
<!-- Generated by org.testng.reporters.JUnitReportReporter -->
<testsuite hostname="Raj-HP245G8" failures="0" tests="5" name="organizationTests.CreateMultipleOrgWithIndustry" time="98.778" errors="0" timestamp="2025-12-18T17:56:27 IST" skipped="0">
  <testcase classname="organizationTests.CreateMultipleOrgWithIndustry" name="createMultipleOrgWithIndustryTest" time="19.209"/>
  <testcase classname="organizationTests.CreateMultipleOrgWithIndustry" name="createMultipleOrgWithIndustryTest" time="20.569"/>
  <testcase classname="organizationTests.CreateMultipleOrgWithIndustry" name="createMultipleOrgWithIndustryTest" time="21.649"/>
  <testcase classname="organizationTests.CreateMultipleOrgWithIndustry" name="createMultipleOrgWithIndustryTest" time="17.343"/>
  <testcase classname="organizationTests.CreateMultipleOrgWithIndustry" name="createMultipleOrgWithIndustryTest" time="20.008"/>
</testsuite> <!-- organizationTests.CreateMultipleOrgWithIndustry -->
