<?xml version="1.0" encoding="UTF-8"?>
<!-- Generated by org.testng.reporters.JUnitReportReporter -->
<testsuite hostname="Raj-HP245G8" failures="0" tests="5" name="practice.ReadMultipleDataFromExcel" time="0.013" errors="0" timestamp="2025-12-19T11:54:29 IST" skipped="0">
  <testcase classname="practice.ReadMultipleDataFromExcel" name="createdMultipleOrganizations" time="0.002"/>
  <testcase classname="practice.ReadMultipleDataFromExcel" name="createdMultipleOrganizations" time="0.001"/>
  <testcase classname="practice.ReadMultipleDataFromExcel" name="createdMultipleOrganizations" time="0.001"/>
  <testcase classname="practice.ReadMultipleDataFromExcel" name="createdMultipleOrganizations" time="0.002"/>
  <testcase classname="practice.ReadMultipleDataFromExcel" name="createdMultipleOrganizations" time="0.007"/>
</testsuite> <!-- practice.ReadMultipleDataFromExcel -->
