<?xml version="1.0" encoding="UTF-8"?>
<!-- Generated by org.testng.reporters.JUnitReportReporter -->
<testsuite hostname="Raj-HP245G8" failures="0" tests="3" name="practice.Practice" time="1.526" errors="0" timestamp="2025-12-17T16:10:39 IST" skipped="0">
  <testcase classname="practice.Practice" name="excelAndDataProvider" time="0.124"/>
  <testcase classname="practice.Practice" name="excelAndDataProvider" time="1.249"/>
  <testcase classname="practice.Practice" name="excelAndDataProvider" time="0.153"/>
</testsuite> <!-- practice.Practice -->
