<?xml version="1.0" encoding="UTF-8"?>
<!-- Generated by org.testng.reporters.JUnitReportReporter -->
<testsuite hostname="Raj-HP245G8" failures="0" tests="1" name="contactTests.CreateContactWithOrganizationTest" time="33.922" errors="0" timestamp="2025-12-17T10:32:12 IST" skipped="0">
  <testcase classname="contactTests.CreateContactWithOrganizationTest" name="createContactWithOrgTest" time="33.922"/>
  <system-out>
    <![CDATA[Clicked on Contacts link
Clicked on Create new Contacts lookup img
Contact created
Contact name validated
Clicked on leads link
Clicked on create new lead link
Lead created with lead source
Rahul4598Lead validated
Clicked on leads link
Clicked on create new lead link
Lead created with last name, company, lead source and Industry
Suman3000Lead validated
Clicked on lead link
Clicked on Create lead lookup icon
Lead created
Lead vaidated]]>
  </system-out>
</testsuite> <!-- contactTests.CreateContactWithOrganizationTest -->
