<?xml version="1.0" encoding="UTF-8"?>
<!-- Generated by org.testng.reporters.JUnitReportReporter -->
<testsuite hostname="Raj-HP245G8" failures="0" tests="1" name="contactTests.CreateContactWithOrganizationTest" time="35.324" errors="0" timestamp="2025-12-03T18:42:35 IST" skipped="0">
  <testcase classname="contactTests.CreateContactWithOrganizationTest" name="createContactWithOrgTest" time="35.324"/>
  <system-out>
    <![CDATA[Clicked on Contacts link
Clicked on Create new Contacts lookup img
Contact created]]>
  </system-out>
</testsuite> <!-- contactTests.CreateContactWithOrganizationTest -->
