<?xml version="1.0" encoding="UTF-8"?>
<!-- Generated by org.testng.reporters.JUnitReportReporter -->
<testsuite hostname="Raj-HP245G8" failures="0" tests="1" name="organizationTests.CreateOrganizationWithIndustryTest" time="19.913" errors="0" timestamp="2025-12-08T14:20:38 IST" skipped="0">
  <testcase classname="organizationTests.CreateOrganizationWithIndustryTest" name="createOrganizationWithIndustryTest" time="19.913"/>
</testsuite> <!-- organizationTests.CreateOrganizationWithIndustryTest -->
